Using pre-set license
Built from '2021.2/staging' branch; Version is '2021.2.3f1 (32358a8527b4) revision 3290506'; Using compiler version '192829333'; Build Type 'Release'
OS: 'Windows 10 Enterprise; OS build 19042.1348; Version 2009; 64bit' Language: 'en' Physical Memory: 16061 MB
BatchMode: 1, IsHumanControllingUs: 0, StartBugReporterOnCrash: 0, Is64bit: 1, IsPro: 0

COMMAND LINE ARGUMENTS:
C:\Program Files\Unity\Hub\Editor\2021.2.3f1\Editor\Unity.exe
-adb2
-batchMode
-noUpm
-name
AssetImportWorker0
-projectPath
G:/Kevin/PanXiaoyuExerciseTwo
-logFile
Logs/AssetImportWorker0.log
-srvPort
51042
Successfully changed project path to: G:/Kevin/PanXiaoyuExerciseTwo
G:/Kevin/PanXiaoyuExerciseTwo
[UnityMemory] Configuration Parameters - Can be set up in boot.config
    "memorysetup-bucket-allocator-granularity=16"
    "memorysetup-bucket-allocator-bucket-count=8"
    "memorysetup-bucket-allocator-block-size=33554432"
    "memorysetup-bucket-allocator-block-count=8"
    "memorysetup-main-allocator-block-size=16777216"
    "memorysetup-thread-allocator-block-size=16777216"
    "memorysetup-gfx-main-allocator-block-size=16777216"
    "memorysetup-gfx-thread-allocator-block-size=16777216"
    "memorysetup-cache-allocator-block-size=4194304"
    "memorysetup-typetree-allocator-block-size=2097152"
    "memorysetup-profiler-bucket-allocator-granularity=16"
    "memorysetup-profiler-bucket-allocator-bucket-count=8"
    "memorysetup-profiler-bucket-allocator-block-size=33554432"
    "memorysetup-profiler-bucket-allocator-block-count=8"
    "memorysetup-profiler-allocator-block-size=16777216"
    "memorysetup-profiler-editor-allocator-block-size=1048576"
    "memorysetup-temp-allocator-size-main=16777216"
    "memorysetup-job-temp-allocator-block-size=2097152"
    "memorysetup-job-temp-allocator-block-size-background=1048576"
    "memorysetup-job-temp-allocator-reduction-small-platforms=262144"
    "memorysetup-temp-allocator-size-background-worker=32768"
    "memorysetup-temp-allocator-size-job-worker=262144"
    "memorysetup-temp-allocator-size-preload-manager=33554432"
    "memorysetup-temp-allocator-size-nav-mesh-worker=65536"
    "memorysetup-temp-allocator-size-audio-worker=65536"
    "memorysetup-temp-allocator-size-cloud-worker=32768"
    "memorysetup-temp-allocator-size-gi-baking-worker=262144"
    "memorysetup-temp-allocator-size-gfx=262144"
Refreshing native plugins compatible for Editor in 75.48 ms, found 3 plugins.
Preloading 0 native plugins for Editor in 0.00 ms.
Initialize engine version: 2021.2.3f1 (32358a8527b4)
[Subsystems] Discovering subsystems at path C:/Program Files/Unity/Hub/Editor/2021.2.3f1/Editor/Data/Resources/UnitySubsystems
[Subsystems] Discovering subsystems at path G:/Kevin/PanXiaoyuExerciseTwo/Assets
GfxDevice: creating device client; threaded=0; jobified=0
Direct3D:
    Version:  Direct3D 11.0 [level 11.1]
    Renderer: NVIDIA GeForce RTX 3070 Laptop GPU (ID=0x249d)
    Vendor:   NVIDIA
    VRAM:     8044 MB
    Driver:   27.21.14.6213
Initialize mono
Mono path[0] = 'C:/Program Files/Unity/Hub/Editor/2021.2.3f1/Editor/Data/Managed'
Mono path[1] = 'C:/Program Files/Unity/Hub/Editor/2021.2.3f1/Editor/Data/MonoBleedingEdge/lib/mono/unityjit-win32'
Mono config path = 'C:/Program Files/Unity/Hub/Editor/2021.2.3f1/Editor/Data/MonoBleedingEdge/etc'
Using monoOptions --debugger-agent=transport=dt_socket,embedding=1,server=y,suspend=n,address=127.0.0.1:56256
Begin MonoManager ReloadAssembly
Registering precompiled unity dll's ...
Register platform support module: C:/Program Files/Unity/Hub/Editor/2021.2.3f1/Editor/Data/PlaybackEngines/WindowsStandaloneSupport/UnityEditor.WindowsStandalone.Extensions.dll
Registered in 0.006215 seconds.
Native extension for WindowsStandalone target not found
Refreshing native plugins compatible for Editor in 75.76 ms, found 3 plugins.
Preloading 0 native plugins for Editor in 0.00 ms.
Mono: successfully reloaded assembly
- Completed reload, in  0.588 seconds
Domain Reload Profiling:
	ReloadAssembly (588ms)
		BeginReloadAssembly (69ms)
			ExecutionOrderSort (0ms)
			DisableScriptedObjects (0ms)
			BackupInstance (0ms)
			ReleaseScriptingObjects (0ms)
			CreateAndSetChildDomain (1ms)
		EndReloadAssembly (429ms)
			LoadAssemblies (67ms)
			RebuildTransferFunctionScriptingTraits (0ms)
			SetupTypeCache (89ms)
			ReleaseScriptCaches (0ms)
			RebuildScriptCaches (31ms)
			SetupLoadedEditorAssemblies (255ms)
				LogAssemblyErrors (0ms)
				InitializePlatformSupportModulesInManaged (17ms)
				SetLoadedEditorAssemblies (0ms)
				RefreshPlugins (76ms)
				BeforeProcessingInitializeOnLoad (1ms)
				ProcessInitializeOnLoadAttributes (121ms)
				ProcessInitializeOnLoadMethodAttributes (40ms)
				AfterProcessingInitializeOnLoad (0ms)
				EditorAssembliesLoaded (0ms)
			ExecutionOrderSort2 (0ms)
			AwakeInstancesAfterBackupRestoration (0ms)
Platform modules already initialized, skipping
Registering precompiled user dll's ...
Registered in 0.003276 seconds.
Begin MonoManager ReloadAssembly
Symbol file LoadedFromMemory doesn't match image G:\Kevin\PanXiaoyuExerciseTwo\Library\PackageCache\com.unity.visualscripting@1.7.6\Editor\VisualScripting.Core\Dependencies\YamlDotNet\Unity.VisualScripting.YamlDotNet.dll
Symbol file LoadedFromMemory doesn't match image G:\Kevin\PanXiaoyuExerciseTwo\Library\PackageCache\com.unity.visualscripting@1.7.6\Editor\VisualScripting.Core\Dependencies\DotNetZip\Unity.VisualScripting.IonicZip.dll
Native extension for WindowsStandalone target not found
Refreshing native plugins compatible for Editor in 0.67 ms, found 3 plugins.
Preloading 0 native plugins for Editor in 0.00 ms.
Mono: successfully reloaded assembly
- Completed reload, in  0.995 seconds
Domain Reload Profiling:
	ReloadAssembly (996ms)
		BeginReloadAssembly (166ms)
			ExecutionOrderSort (0ms)
			DisableScriptedObjects (7ms)
			BackupInstance (0ms)
			ReleaseScriptingObjects (0ms)
			CreateAndSetChildDomain (20ms)
		EndReloadAssembly (741ms)
			LoadAssemblies (51ms)
			RebuildTransferFunctionScriptingTraits (0ms)
			SetupTypeCache (239ms)
			ReleaseScriptCaches (1ms)
			RebuildScriptCaches (33ms)
			SetupLoadedEditorAssemblies (315ms)
				LogAssemblyErrors (0ms)
				InitializePlatformSupportModulesInManaged (12ms)
				SetLoadedEditorAssemblies (1ms)
				RefreshPlugins (1ms)
				BeforeProcessingInitializeOnLoad (77ms)
				ProcessInitializeOnLoadAttributes (195ms)
				ProcessInitializeOnLoadMethodAttributes (23ms)
				AfterProcessingInitializeOnLoad (7ms)
				EditorAssembliesLoaded (0ms)
			ExecutionOrderSort2 (0ms)
			AwakeInstancesAfterBackupRestoration (7ms)
Platform modules already initialized, skipping
========================================================================
Worker process is ready to serve import requests
Launched and connected shader compiler UnityShaderCompiler.exe after 0.04 seconds
Refreshing native plugins compatible for Editor in 0.47 ms, found 3 plugins.
Preloading 0 native plugins for Editor in 0.00 ms.
Unloading 2947 Unused Serialized files (Serialized files now loaded: 0)
Unloading 22 unused Assets / (55.4 KB). Loaded Objects now: 3406.
Memory consumption went from 104.4 MB to 104.4 MB.
Total: 3.187300 ms (FindLiveObjects: 0.210900 ms CreateObjectMapping: 0.070400 ms MarkObjects: 2.773300 ms  DeleteObjects: 0.131600 ms)

AssetImportParameters requested are different than current active one (requested -> active):
  custom:video-decoder-ogg-theora: a1e56fd34408186e4bbccfd4996cb3dc -> 
  custom:container-muxer-webm: aa71ff27fc2769a1b78a27578f13a17b -> 
  custom:container-demuxer-webm: 4f35f7cbe854078d1ac9338744f61a02 -> 
  custom:video-encoder-webm-vp8: eb34c28f22e8b96e1ab97ce403110664 -> 
  custom:video-codec-MediaFoundation-h265: 746d11721c4dcdbdad8f713fa42b33f4 -> 
  custom:audio-encoder-webm-vorbis: bf7c407c2cedff20999df2af8eb42d56 -> 
  custom:framework-win-MediaFoundation: 216162199b28c13a410421893ffa2e32 -> 
  custom:container-demuxer-ogg: 62fdf1f143b41e24485cea50d1cbac27 -> 
  custom:video-decoder-webm-vp8: 9c59270c3fd7afecdb556c50c9e8de78 -> 
  custom:audio-decoder-ogg-vorbis: bf7c407c2cedff20999df2af8eb42d56 -> 
========================================================================
Received Import Request.
  Time since last request: 525940.442653 seconds.
  path: Assets/Scripts/Old/OldVoxelGrid.cs
  artifactKey: Guid(99b49286d8f440944b72d9875bb6ac71) Importer(815301076,1909f56bfc062723c751e8b465ee728b)
Start importing Assets/Scripts/Old/OldVoxelGrid.cs using Guid(99b49286d8f440944b72d9875bb6ac71) Importer(815301076,1909f56bfc062723c751e8b465ee728b)  -> (artifact id: 'eb6ae82c1a279ed8e1b3232e95371512') in 0.014309 seconds 
========================================================================
Received Import Request.
  Time since last request: 0.000023 seconds.
  path: Assets/Scripts/Old/OldVoxelGridManager.cs
  artifactKey: Guid(ce174407fe8c7dd44a576870e760b3b0) Importer(815301076,1909f56bfc062723c751e8b465ee728b)
Start importing Assets/Scripts/Old/OldVoxelGridManager.cs using Guid(ce174407fe8c7dd44a576870e760b3b0) Importer(815301076,1909f56bfc062723c751e8b465ee728b)  -> (artifact id: 'a87aad9b99b0492c514e1fd0a1cca9b0') in 0.005630 seconds 
========================================================================
Received Import Request.
  Time since last request: 184.530353 seconds.
  path: Assets/Scripts/Old/OldUtil.cs
  artifactKey: Guid(f8b0177b18ea5c9429f21f6568c33cdc) Importer(815301076,1909f56bfc062723c751e8b465ee728b)
Start importing Assets/Scripts/Old/OldUtil.cs using Guid(f8b0177b18ea5c9429f21f6568c33cdc) Importer(815301076,1909f56bfc062723c751e8b465ee728b)  -> (artifact id: '725d2a9080cde836ee563273e0cfe426') in 0.007730 seconds 
========================================================================
Received Import Request.
  Time since last request: 19.105504 seconds.
  path: Assets/Scripts/new
  artifactKey: Guid(318136f496cf2594c8f2aa05b120ed9b) Importer(815301076,1909f56bfc062723c751e8b465ee728b)
Start importing Assets/Scripts/new using Guid(318136f496cf2594c8f2aa05b120ed9b) Importer(815301076,1909f56bfc062723c751e8b465ee728b)  -> (artifact id: '036144808102f0039f38565f05ffc895') in 0.007709 seconds 
========================================================================
Received Import Request.
  Time since last request: 3.373425 seconds.
  path: Assets/Scripts/new/OldUtil.cs
  artifactKey: Guid(ce00f095044febe42a404ff67939f2bd) Importer(815301076,1909f56bfc062723c751e8b465ee728b)
Start importing Assets/Scripts/new/OldUtil.cs using Guid(ce00f095044febe42a404ff67939f2bd) Importer(815301076,1909f56bfc062723c751e8b465ee728b)  -> (artifact id: '939c8d62587dd5f38c9f384140e60b42') in 0.001784 seconds 
========================================================================
Received Import Request.
  Time since last request: 6.324105 seconds.
  path: Assets/Scripts/new/OldVoxelTrigger.cs
  artifactKey: Guid(56fbfafbb3ec35842aac94bf09f2760d) Importer(815301076,1909f56bfc062723c751e8b465ee728b)
Start importing Assets/Scripts/new/OldVoxelTrigger.cs using Guid(56fbfafbb3ec35842aac94bf09f2760d) Importer(815301076,1909f56bfc062723c751e8b465ee728b)  -> (artifact id: 'f362e2fc7086d3d78dd0632f5912c033') in 0.008470 seconds 
========================================================================
Received Import Request.
  Time since last request: 6.443182 seconds.
  path: Assets/Scripts/new/VoxelTrigger.cs
  artifactKey: Guid(56fbfafbb3ec35842aac94bf09f2760d) Importer(815301076,1909f56bfc062723c751e8b465ee728b)
Start importing Assets/Scripts/new/VoxelTrigger.cs using Guid(56fbfafbb3ec35842aac94bf09f2760d) Importer(815301076,1909f56bfc062723c751e8b465ee728b)  -> (artifact id: '6877bc0bb6d0621763ba173231a98aee') in 0.004529 seconds 
========================================================================
Received Import Request.
  Time since last request: 0.528450 seconds.
  path: Assets/Scripts/new/OldVoxelGridManager.cs
  artifactKey: Guid(3aaf013b21d2b1543916137874c1b2b2) Importer(815301076,1909f56bfc062723c751e8b465ee728b)
Start importing Assets/Scripts/new/OldVoxelGridManager.cs using Guid(3aaf013b21d2b1543916137874c1b2b2) Importer(815301076,1909f56bfc062723c751e8b465ee728b)  -> (artifact id: '648678152e263a3bd26499af08730be8') in 0.006711 seconds 
========================================================================
Received Import Request.
  Time since last request: 7.845327 seconds.
  path: Assets/Scripts/new/VoxelGridManager.cs
  artifactKey: Guid(3aaf013b21d2b1543916137874c1b2b2) Importer(815301076,1909f56bfc062723c751e8b465ee728b)
Start importing Assets/Scripts/new/VoxelGridManager.cs using Guid(3aaf013b21d2b1543916137874c1b2b2) Importer(815301076,1909f56bfc062723c751e8b465ee728b)  -> (artifact id: 'c3d80df7dcb7f68f32b2f26a8db01824') in 0.006217 seconds 
========================================================================
Received Import Request.
  Time since last request: 0.732544 seconds.
  path: Assets/Scripts/new/OldVoxelGrid.cs
  artifactKey: Guid(fed9ec377c22fee46896f4c81fd39c13) Importer(815301076,1909f56bfc062723c751e8b465ee728b)
Start importing Assets/Scripts/new/OldVoxelGrid.cs using Guid(fed9ec377c22fee46896f4c81fd39c13) Importer(815301076,1909f56bfc062723c751e8b465ee728b)  -> (artifact id: '233819c7aa0a9f080b23732c0f38c1c6') in 0.007149 seconds 
========================================================================
Received Import Request.
  Time since last request: 9.268104 seconds.
  path: Assets/Scripts/new/VoxelGrid.cs
  artifactKey: Guid(fed9ec377c22fee46896f4c81fd39c13) Importer(815301076,1909f56bfc062723c751e8b465ee728b)
Start importing Assets/Scripts/new/VoxelGrid.cs using Guid(fed9ec377c22fee46896f4c81fd39c13) Importer(815301076,1909f56bfc062723c751e8b465ee728b)  -> (artifact id: '160e353102d9fa7578eab61c63d7196d') in 0.004430 seconds 
========================================================================
Received Import Request.
  Time since last request: 0.685534 seconds.
  path: Assets/Scripts/new/OldVoxel.cs
  artifactKey: Guid(1ebbdd352e8089b4995d1ad54911ff70) Importer(815301076,1909f56bfc062723c751e8b465ee728b)
Start importing Assets/Scripts/new/OldVoxel.cs using Guid(1ebbdd352e8089b4995d1ad54911ff70) Importer(815301076,1909f56bfc062723c751e8b465ee728b)  -> (artifact id: '0f5124b25a69448a3e6dd15f9bc6ce2b') in 0.008321 seconds 
========================================================================
Received Import Request.
  Time since last request: 4.497121 seconds.
  path: Assets/Scripts/new/Voxel.cs
  artifactKey: Guid(1ebbdd352e8089b4995d1ad54911ff70) Importer(815301076,1909f56bfc062723c751e8b465ee728b)
Start importing Assets/Scripts/new/Voxel.cs using Guid(1ebbdd352e8089b4995d1ad54911ff70) Importer(815301076,1909f56bfc062723c751e8b465ee728b)  -> (artifact id: '6f757043f2ccdf1c112f8ce38e48c6e6') in 0.004055 seconds 
========================================================================
Received Import Request.
  Time since last request: 5.915122 seconds.
  path: Assets/Scripts/new/Util.cs
  artifactKey: Guid(ce00f095044febe42a404ff67939f2bd) Importer(815301076,1909f56bfc062723c751e8b465ee728b)
Start importing Assets/Scripts/new/Util.cs using Guid(ce00f095044febe42a404ff67939f2bd) Importer(815301076,1909f56bfc062723c751e8b465ee728b)  -> (artifact id: '9460ac42df530a494e506fc2cff3165b') in 0.004198 seconds 
========================================================================
Received Import Request.
  Time since last request: 11919.851420 seconds.
  path: Assets/Scripts/new/VoxelTrigger.cs
  artifactKey: Guid(56fbfafbb3ec35842aac94bf09f2760d) Importer(815301076,1909f56bfc062723c751e8b465ee728b)
Start importing Assets/Scripts/new/VoxelTrigger.cs using Guid(56fbfafbb3ec35842aac94bf09f2760d) Importer(815301076,1909f56bfc062723c751e8b465ee728b)  -> (artifact id: 'da8cfcba6a7316de3c805d46d6dc020f') in 0.018041 seconds 
